O.............OOOOOOO..........................O...OO...OO....O..OO...OOOO.....OO.OOOOOO..OOOOO.........O.O......O.O.........OOO..O....................O.........OOOO...OO..............OOOO.O
.......O.......O.OOO...........................OO.O..........O.........O......OO.....OO......O.............O..................O.......O.............O..............OO...OO...............O....
.......O....O.O....O.......O........O.O...O.O.OOO.................O...O........O............................O......O.O...................................O....OO..............O.........O.....
O.OO.........O......O.......O..........O.....OOO....O...............OOOO....O...........OO..........................OOOO.....................................OO................O.......OO..O.O
.O.........................O...........O......O.O...O....O............OO...O......................O......O.............O.O........O........O.................O........O.......OO......OO......
........O...................O..................................O...................O.....O.......OO.......O...............O.O....OO........O.....O.OO.O...O...............O.............O.OO..
.........O...................O.........O........................O..................O......O......O....O............O........OO...O....O.O.OOO....OO....O...........O...........O.........OO...
............................O...O.......O............O..........O...............O......O.OOO....O............O...............O.........O.......................O..O.......................OO..
....................................O............O....................................O....O.....O..........................OO.........OO.........O....................................O.O.OO.
...O............O..................OO...............O...........................................OO....O.................O.........O.....O......................................O.....O........
........O.....................OO...O.O..O..........OOO..............OO........O.............O...O.................O...............O.................O............O..OO..............O.........
...O...................O...........................O.O.O...................................O..................O..O...........................O............O.........OOO.......................
....OO..................O..................................OO..O........OO...OO.....................O..................................O.................O....O.....OOO.............OO.O......
O........................O............O..........................O......OO..O.O.....................OO....O......O...O...........O....O......O.O.....O........O......OOO....O........OO......O
OOO.OO............................OO..O.......OO.....O.....................................O........OOO...............O.........O.....................O...............O.O.........O...OO.....O
OOO.O....O.O....O.................O...........OO..O........................................O.......OOOOO..............OO..........................O..O.........O.................OOO...O......
.O......OOO......OO........O..........O.......O........OO....O..............O...................OOOO.O..O............OOOO.................O........OO.O........................O.OOO..OO......
........O.....O.......O...OO.........OOO.....OO.......OOOO..OO...........O.O....O................O.......O........O.OOOO...............................O..........................O....O......
....O........O.O.......O..............O.....OOOO.......OO..................O........O......O....................OO....OO.......OO..............O.......OO.............................O.....O.
...........O..........OOO......O.O...O.....OOOOO..O.....OO..O.........O.....O.......OO......O.O................O............O................O.............O..................................
...OO.............O..OOOO...O...O..........OO......O.....OOO...............O.............O.OOO.O........................................O..OO................................O................
....O.O....O....OO.....OOO.......O....................................O....OO.......................O......O.........OO.OOO......O..........OO..................O...O.......OO.......O........
............OO.O.OO.....O.....O.OOO...........................O...........OOO.......O..............OO.....OO...O.O........OOO.O.........O....OO.....O.......................O.........OO......
.............OO......O.O.........OOO.O..................O.................OO........O..O............OO...OO.....O.O........O............O...O.O..O.......O...................O................
..............OO..................O.O.O.OO.................................OO.................O.OO..OO.....................OO......O...O................O.......OO............................
......O.........O.......................O.O................................OO........................OO.....OO...................................................OO...........................
.O....O....................................O....O....O...............O......OO.....O...O............OOOOO....OO.O........O........................OO......................O...................
OO...O.....O........O.....................O.....OOO.O...............O........O.O.....................O.O....OO...................OO......OOO.....O.OO.........................OO..............
O...O......O.......................OO............O..................................................O...O.OOOO...O.O..O...........OO....OO.OO.O.O...........O.............O.............O.....
OO................O.OO..OO....O...O.OO............O.......O..OO............................................OO..........O...........O........OOO...........................OO.............O....
.O.....O.............OO..OO..........O...............................O.....O..............O...........................O...O.............O.........OO......................O.O.................
..O.O..OO.O...O...............O............OO..O.........OO.......OOO...O...O........................O...................OOO.O....................O.............O................O............
.OOO....O..O.OOO...........................OO..O..........O......O.O...O...O................OO.....OO.....O...................O..O..OO...........O.........O...O.O..........O.............O...
OO.O...O......O....................O.......................................O..O.......O......OO.O..........O........OO..............................O.............O...O.....O.................
O.....O....O.OO......O.......O.O..O..............O.....................O......................OOO.....O....OO.OO...............O.OO............O.....O............OO...OO....O....O.......OO.O
.....OO....OOO.O..............O...................O...........................................O...........OOOO.OO..........O....OO......OO....O......OO....OOO.O........OO.................O..
O....O......O.......O..........O........O....O...............................O.O...O..O......O........O...O.O.......O.......O..OO........O...........OOO..OO......O.....O.....................
OO.........OOO..O..O......O.O............................O......................O.O....O....OOO......O.O.O............O..O.OO.........................OO.......................O..............
............O............OO.O......................O....OO......................OOOO..O.....O.......O...O.................O............O...........O...OO.OO.O................................
......................O.........O.O..O............OOO......................O....OO.OO...............O........OO..O.O....................OO.O...............OO........O........................
................O....OOO........................O..O............................................OO..........OOO......................O.OO................................O....................
.O.......OO...........O.O................O.....O.......OO.....O....O...............OO.O........................................O.......OO........O...O..........O.....O.............O.O.......
OOO..........O...........O......O........O..............OO...O.........O............OO................O.O...............OO..............OO.O..OOO....OO.O........OO...O..............O.O......
O..O.....................OO...............O.O...........O.....O......................OO........O........................O..............O..O....OO....OOO..........OO.......O...O....O.........
.......O....O....OO.....O.O................O.............O...OO..........O......O.....O........O.................O...................................O..........................OO............
...O..O.O..OO...O.OOO.........O.........O.OO.....O.O.O....O.OOO..............O.....O.OOO..OO............O.O......O.................OO.O...........O.O...........................O.O....O......
............O......OO.....O............O...OO................O....O.............O...OO.O...OO.OO.O.......O...........OO...........OO.............OOOOO.......O...........................OO...
........OO..........OO.................OO..O...O............O............O..........O..........O........O....O.O......O...........OOO.......................OO.............O....O.........O...
....O....OO......O.OOOOOO..........O.........................O.OO.............................O.....O.OO.............OO..O.OO...............O...............O......O......OO.....O..O.....O...
..........OOO........OO................O....................................OOO........O......OO.......OO..O.........O.......O..O.......O...............O.............O.......................
....O......................OO..............O................................OO...............O.OO.O..............................O...O.OOO....................O...............................
...............O...........O........O.....O.............O.......O...........................O.....O........O.............O.O......O.OOO.O.....O........OO....O....O.........O.................
..........O......................................OO............OOO.................O.........O........OO.O........................OO.O........O...............O............................OO.
..O............................O.........O.......O......O.......O............O.O....O.O.......O......O.O......O.........OO........O........................................O...............O.O
.O...OO.........OO.....OOO....O..................OO..O......O...................O....OO..................................O........OO...........................O.......O..O........O..........
............O...O.....OO.............O............OOO.O.O....O....OO....O...O............................O.O..O......OO............O...OO............O................OOOO.........OO...O....O
........O...OO.............O........O............OOO..............O.....OO.O...OO.O.....................O......O....OOO...........O....O.............O.................OO..........O....OOO..O
...O...O...OOO...O.........O...........O.........OO.O............O.......O.O...O........O...............OO.............O......................................OO........O................OO...
....OOOOO.OOOO...OO.O.......O.O.............................O.....O..........................O.........OO......O.............O................................OOO......O..................OO.O
....OOO.....O......O.........OO........O.....OO...................O...O.O......O............O....O.....O....O.O.O........O.......OO..O..........O.........O............O..............O......O
.............................................O.O...O........OO.............O..OOO..O...OO........O.........O.............OO......OOOO......OO....O..............................OOO..OOOO.....
O...............................OO.O.O.......................O.....O....O....OOO.......O........O.....O....O.........O.............O............OOO.....O.O.....................O.....OO......
OO......O......................OO.O..........O.....O............O.......O.......................OO..................O..........................OOOO...........................................
.OO......O..O........................O..............O...................O..............O.......O........O.......................O..O..O.........O.OO.........O...O....O..O.O..................
..O.........O...O...........OO...............O.......O.O.....O.....O.O..O.......O.O...........O.........O..................................OO..O...OO...O....OO.OOO.........O..........O......
.O...............O..........OO......................................OO.....O.......O...........O.O.....OOO.........................O................OO.............OO............O............
O.....................O.O.....O...........................O..........O.........................OO.O....OOOOO......OO..............OO....O...........O.....................O.............O..O..
OO.OO..........O.........................................OOO...O...................OO.........O.........OO.........................OO...................O.......O........O...........O........
O..O..OO..........................O..................O.O.O..........................O.........................................O.....O........O..O........O...................O....O...........
........O.........O...OOO........OO.........O.O................O.OO...O.O....O..............O.O.O...............O...........OO.....................O................O....O....O.OOOO........OO
.........O............O.OO...................................OOOO...........O.O.O.......O.OO...OOO.......O.O.O.OOO................O.................O................O.........OOOOOO........O
..O...O.OO..................O....................O............O.........OO.O...O..........OO...O...O......OOO....OO..............O.O...........O.....O...........O............O.OOOO..........
.O.....O.OO........OO.....................O..........O...................OO....OO..........OO.O...........OOO.........O........................OOO.....O.........O...O...........O.O.....O....
...................OO....................O...............OOO.....OO............O.............OO............OO........OO.....O...................................OO...O....................O...
...................O...O....O.O.O.....O.OOO.....O.......OOOO..............O.O..O..........................O....O.....O......................O....................................O...O........
....................O.......O............OOO...OO.O......OO...OO...........OO.......O.............O.O....O............................O.O...O..O.....................OO...........O.O......O.O
....O.O.OO..........O...................OO.........OOO..OO.O.....O...O....................O.....O.....................O...........................O...................O.O........OOO.O....OOO.
.....O.O....OOO..........O......O.O.O...............OOO..............OO...................O.......................O..O............................OO.........O..............O....OO......O.O..
......................O..OO.O......O.O...............O.....O..........OO.O.....O..........O................O.................OO.....O..O......O....O..........O.............OO....O...........
.....O....................O..O................................OO.......OO.....OO.......O...........O........O....O..OO..O.............O.....OO......O.O......O...............O................
...........O........................................O.........OO.....................OO...O..O.......................O..........O..........OO............................O........O...........
.....O..O.O........................................O..........O.......................O...OOO......O.O..........O...OO........OO.......O....OO...............O....O...O...................O...
...OO...O......OO................OO.......O..................O......O.......O......O..O...OO....................OO.OO....O....OOO..........O........O.O...O.O.........O.......................
O.OOOO.O.......O.....O...........O.....O....................O...............O..........O..OOO....................O..O..........O.................O.....O.OOO.........O.........O....O.........
OOO.OOO...O...O........................O...........O.O..................O......OO.....O....O.......O..O.............................................O....OOO......OOO...........O..OOO........
OO.......O...OO..................OO.O.O..........OO...O..............O.O......O.....OOOO..O............O..OO........O.O.O..............O...O..............O......O..O...O......O.....OO......O
OOO.......O.O...........O....O.....OOOOO...OOO.OOO.O.O...............OO.............O.OOO..........O.......O...........OO...............O.O....O....O..................................O.....O
O...............O.......OO....O......OOO....O.O.O...OO..............O..................O.......................O......O............OO.....................................OO.......O.........O
.....O.................OO.O...........O....O.........OO...............................O...OO..O....O.........................O......OO.....................................O........O.........
....OOO.O.......................OO...O..........O.O.OOO.....O.....O........O.............OOO................O..............OO........OOO........O......................O....O.................
O..OOO.O........O....O....O....OO...O...............O.......................O............O.........................O..OO............O.OOO.......O.....O...............OOO.....O.....O.O.......
OO.OO......OO............OO...............O.....O.............O....................O....O...................................O.OO.......O.........................O...OO............OO.........
O...OO...................O.O............OO.O...O......O.....................................O...OO............................OO..O..........O..................O.............................
OO.O........................O.O........O......O........O.......................................OO.O............O.OOO.........................OO........O.O....O.................O.............
OOO...........O..............OO..............O........O.........................O....O.............O..............OOO...............OO..O....O............O..........OO.....O....O........O...
OO............OO............O........................OO..........OO...O........O.O..O......................O...O...O................O................O..............OOOO........O.........O...
..........O...OO....O......O.......OO...O................O......OO............O...O..O.......................OOO............O............................OO...........OOO.............OO..O...
....................O...............OO...................OOO....O.............O.......O......O..O.OO..........O.O.........................................OO............OO.............O......
..............OO.....................O.........O..........O................O..O......OOOO.....OOO..OO.OO.........OOO.........O.............O........O....OO.OO.....O..........................
O..............O.O.....O....O........OO...........O.......................OO...........O............O............O.O.O.......O...........................O...O..........O...O.O...O....O......
O.................O.O.......O.......OO................................O...OOO............................O..O...........................................OOO.O............O.......O........O...
....OO......O....OOO................OO.....O...........................O...........O...O.....O...........O..O.................O.....................OO..........................O......O.OOO..
O....OO..........OOOO.......O........OO................O.O....OO................O.OO....O...O.....OO.OO.........OO...........O...............O.O.....O.........................O.O....O..OOOO.
.....OO..........OOO............O.....O.................OO......................O.OOO........O.....O.OOO........OO..................O.OO......O............O.O............................O...
....OO............O....O...............O...............O.............O....O.........O.........OO..O....OO.............................O.....................OO.....O...OOO....................
.O.OO....O.........O...OO................O...................OO......O...OO...O.O....O....O....OOOO........................O..................O......O.......O.....O...OO....................O
....O...OO................................OO.O..............O.O..................OO.OO..........OO...O........O.O.....O.................OO...O.......O......O..........O.O.O........O.....O..O
.........OO.........................O....OO...O.O...............................O.OOO...............O........OO.O....O.....O..OO........OO...OO.....OO.............O......OOO..O.O.O..........
...................................O....OO....OOOO............O....O...............OO................O......OO......O......OO...........O.....O.....O.....................OO...O..OOO.O....O.O
......................O........O..O.....OO.....O..OO.....O........O....OO......OO.OO.O.............................OOO.......................O......O...........O..................OOO.O.....O
O.......O..........OOOO............................O....O........OOO.OOO...O..OOOOO.........O.....OO..............O.OO...........O...........OO......O..........O.................OO..........
OO..........O.O.OO.OO.........O...................O....OOO............O....O...OO.O........O......O.............OO...OO..........O...............O...O..O......................OO.O.......O...
OO.........O.O.............................O.......O....OO............OO..O...O..................O.............OOOO...OO.........O...........................O..O....................OO.OOO...
....OO....O........................O......O.....O.......OOO.OO.............O...............................O...OOO...OOO.................O...........O............O.....O.............OOOO...O
...OOOO...O.........................O....OO................O.O..............O..........OO.................O...OO..O.OO........O...........O.OOO..O...OO.......O.........OO...........O.OO....O
....OO...............................O.......O...................O..O........O..........OOO................................O...O.O.......OOOO...........................O...............OO...O
.........O...........O..O.......OO....O.....OO..O..OO...........O..................O....OOOO.O.O.................................OO.....OO.O.............OO............OO.....................
.......OO...O...O........O......OOO.........O...O....O......O..........................OO.............O.O............O......................O............OO.......O..........O..........O.....
..OO...OO......OOO......OO.......OO.............O.....O......O.........................O...............O.........O.OO.......................................................O....O.O..O.......
....O...O........O...O...........OO............O..........O...O......O.O............O...O...................O..............................O...O.O................O.......................OO..
...........O......O.....OO...............O.O...O.........O....OOO.O.O................O..O........O.........OOO.........................O..........O....OO.......................OO.......OO...
....O...O.OOO.O...O.....OO.O..................O...........O.....O.OO.......OOO.............................OO..............O.....O.....O...........O..OO.............O...................O....
...O...OOOOOOOOO.O...O.OO...O.OO...OO.........OO...................OO......OOO....O..O......O...............OO.O........................O.O.O............................OO...............O...
.......O..O.OOOOO....OO.......OO...O.........O.O..........................OOO.O.OO..............O...........OOO....O..O......O.O.........O...................O.......O....O.....O...O.....O...
O.....O......OOO...............OO...........O................O.............O...OO.O....................................O.........................O...............O............................
OOO.......O.O.OO.....O.....O..OO........................OO...O.................O.......O...........O.....................O.......................................O...........................O
OOO.......OO..............O..........OO..................OO..OO.................O..........O......O..............................................O.O..............O........O........O.O......O
..........O...............O........O..............O......O....O.....O..........OO.........O......O...O...................O....O........O.........................OOOO.....O.........OO.......O
..........OO.............O....................O..............OO......O.........O.........O......OOO........O............OOO..OOO........O..............OO.OO......O..O...........O...........O
.......O...O............O.......O.OO..........O......O.O............OO..........O..O......O....O.OO.....................O.O...O.OO.........O....O......O..OOO.........O...................O...
.O.O....................OO......O.OOOO..O......O.......OO....OO......O..............O.O....O...............................O.....OOO............O..........OOO................................
..OO.......O...........OOO..........O......O............O.....................................................O..................OO............O....O......OOOO.............O.O...O...........
..O...........O........O.....................O....O.....O...............................................O......OO.................O...........O.....OO.OO....O.O........O......O...O..........
..O...........................................O..OOO............OO....O....O..................O.......OO........OOO..O...................O...O.......O.O.............O...................O.O..
.............................................O...OOO.........O...OO....OO.OOO..........................O....O....OO.....................OO....O.O.................................OO......OO..
.........................O.......................O.........OO....O......OOO..O.........O.OOO..O.O............OO...OO......O.............O....OO........O..........O..............OO.......O...
..........................O................O...............O.............O..........O...O.....OO..............OO........................OO.O.......O.............O.......O....................
...................................................................O..O.OOO..................OOO......O.......O.O.OO......O.............OO.....................OO....O..O...........O.........
........O.OO.O......O........................O....OO.....................OO...O.............O...O......O.........OOO...O.OOO................................O...OO..O.............OO..........
.O.....OO.OOO................................................OO.......O..O......................................OOOO......OOO......OO......................OO....OOO.............OO.....O.....
O..........O......O....O.O..O...............................O.......................O..........................OO.O........O..............O.................O.....O.O.O.O.....O.OOOO..........
.....O....O........OO.....OO.O......O................O..........O.O............O...........................O.O.........O...O.............OO...O.............OO..........O....OOOOOOOO.......O.
........OOO.........O..................O......................O........O........O....................O..................................OO...................O................O..OO.O.........
........O...........O..................OO.O.O........O..................O....O.O....O..O.........O.O.........O.....O...................OOO........O.........O.....OOO.......................O.
....O.............................O.....OOOO........O...........O............OO............OOO....O.....O...O.OOO...OO...OOO...........O.....................................................O
.............O..O.............O..........OOOO.................................OO.....................O.........O.....O.........OO..........OOO...........O.....O..............................
O...............O.....O.....O.....O.......OOO...................O.............O.....................OO........O.....OO..........O...........OOOO...OO...........................O.............
.O....O...............OO........OOO..OO..OOOOO.O.......O.............................................OO...O...OO....O......O...O.............OO.....O....O........O..........O.OO...O.........
......O..O........O..OO.........OO...O.OO.OOOOO.......OO....O.O..................................O..............O...O.........O..............OO.........O.O.....................OO..O........O
.....O........O...O............O...........O.OO......OO....O.................O.............O..........O.O......................O..O.....O..................O.O.OO.....O..........O.....O......
O..O.O.......OOO.O....O...................O.......................................O.......O......O..........O....................................O.....OO.O...OOOOO..O..........O.............
OOO...........OOOO.............O........OOOO.........................O............OO.......................O...........OO...........O...OO........O...OO..O...OOOO........................O...
OOOO.........OOOO.....O................OOOOOO.................O......O...O.........O........................O....O.....................OOOO......OO........O..OOO.......O................OOO..
O.........O.OOOO....O.OOO...O............OOOO....................O........O....O.................O...........OOOOOO.O......O.OO.........O.........OO......OO...OOO......O.....O..........OO...
.............O.........O.O................OOO........O...O.O....O......O.OOO.....................OO...........OOOO.....................O....O.O............OO...O...O..O.................OOO..
O........................................OOOO...........OO..............O.OO.O....................O...........O.O................O.O.......OOO..............O..O.......OO..O........O....OOO..
O.O...O...O.O.....O.........O.............OO.........O.O.......................................O.....O.......O.................O...........O...........................OO.O.O...........O.O...
...........................................O.....O...........................O......O...O.OO..O..............................OO................O.........O..........................OO.....O..
......O.....OO.O.............O.....O......O......O.........O.O..............O.O......OOOOO......................O.O....O...................O.O.O.....................O.......O.......O........
.............OOOO....O........O...O..............O...O...............OO........O......O.O.............O...............OOO...................O....................O.O..O......OO...........O...
..............OOO....O........O.............O...O...O.O.........O...O..............O.O................................OO..........O.........OO................................O..............O
...............OO.........O................OO...O...............OO.O........................................O........OOO.......O.OOO.OO.........O................O............................
...............O.................O.OO..O...O.................O.............O....................O................O...OO..........OO...O..............O.....O.........................O.O......
......O....OO.........O..........OOO..........O...............O................O.................................O....OO..........O....O...........O........O.........O..............OOO......
............O....OOO..O...........O.......................O..O..........OO.....................O..........OO..........O..........O.O....O.....O.................O.OO...OO.............O......O
...........OO....OOO.....O................O....O....O.............O.....OOO...................OO......O..OOOO..........O...........................................O..OOOO.O.O.........O..OO.O
..........OOO.....OO.....................O...................O...........O....O.........................OOOO.......O....OO..........................O.............O...O.O...OOO...............
..........OO.....OO.................O........O.O....O.......................OO.O.........................O......O..O......O....................O....O..............O........OO..O.........O...
.........OO......O......O.......O...O................O.O...............................O....O.......................................O.O....OO.OO....O.............O..............O......OO....
....O.....OO.O..................OO.O......................OO.........O.................O.....O.............O.......O.O.....................O............................O.O.O.........OO.....O
...OOO.....O...............O.....OOOO.OO.......O..........OO........OO...O....O.......O.......OO...........................................O...O..............OO................O....OO.......
....O..............................OOO.OO..................OO.O.....OO...O............O......O.O...................O..........................O...............OO.....OO......O.........O.OO...
.........O.O...................................................O................O.............................O...........O...........O..O....OO..........O..OO..............OO...........O.O.
.O......O........O........O......................OOO.....................O.......O.................O.................O..OOOOO.............O.....O....................O........O....O..........
......OO......OOO....................OO..O.........OO....O...............O.O..O...OOOOO..................................OO.OO......O.O..O.............O.........O....O.......................
...............O...O..................O...O...................................O..O.OOOOO...........OO.O.................O....O.....O.OO...O.....O.....OOO..............O.O................O...
.......O.......OO..............O.......O.........O.O................O...............OO..O............O...O.OO..........O......O...O...........O........O....OO........OO.O...................O
O......OO.......O.........O.O..OO...........O.O.OOO.......................................OO............O....O....O.......O......OO.....................O....OO....O.........................O
..........................OO.................O.O.OO...........................................O...................OOO....OO.......................O......O...OO..............................O
...............O.........OO.....................................O.....O........................O.................OO.....OO..........OOO........O...O..........O..................O.....OO....O
............O............OO.....O..........................O...O................................O.......................O...........OOO........OO......O.O...O........OO......OOO.......OO....
...........O.....OO.......O................O......O.......O...OO..........................................OO.............O............O..O..............O....OO......O........OO.O.O.....O....
OO.O...O........O.O.............OO.O.............O.O.......O...O....O.....OO.........OOO.......................O........OOO.O.....................O..O........OO..............................
.......OO......O.................O.........O........O.......O.OOO........O.O...........OO...............................OO..............O.................OO..O.........O.OOO.........O.......
..............OO....O..O........................................O..................................OOO.........................O.O..O......O.............................OOO...O...O.O........
...............OO.O...............................O......O...........O.........O.O.................OO....O.O..........O....................O.....O...O.....................O......O...........
........O......O..............O....O............OO......O...................O....OO.........O.....O...........O.O.....................O.....O.......O......................................O..
O...O.......O.O...............OO...........O...O.....O.....O.....O.......OO.O......O.......O.................O........OO............OO...........O................OO.......O.........O........
O..O...........O.......O.......O..........O...............O.........O...OO.................................OO.O.........OO..............O........O..................................O......O.O
................OO....O.................OO........O......OO............OOOO..........OO...O...............OO...O...O......O.....OO...O...........O..........O...................O....O.......O
...O..............O.OO......O............OO......O.......................OO........O.OO..O..................O.OOO..O.O...........O......OO.......................................O............
..O........................O............OO.O...............................O..........................................O.................O..........O....O......O...OO.O.O.......O.............
..O..................O..O.O.........O.........O......................................O...O.........................O.O.O....OO.............O........O....OO...O.....OO......O...............O.
........O.............OOOO..........OO........O...O.......O.O.....O..OO...............O.OO........OO........O.....OOO.....................OOO...........OO...........OO......................O
